<?xml version="1.0" encoding="UTF-8"?>
<testsuite name="WordPuzzleTest" tests="1" skipped="0" failures="0" errors="0" timestamp="2015-08-14T21:15:21" hostname="Archanas-MacBook-Pro.local" time="0.019">
  <properties/>
  <testcase name="rootTest" classname="WordPuzzleTest" time="0.019"/>
  <system-out><![CDATA[]]></system-out>
  <system-err><![CDATA[[Thread-17] INFO spark.webserver.SparkServer - == Spark has ignited ...
[Thread-17] INFO spark.webserver.SparkServer - >> Listening on 0.0.0.0:4567
[Thread-17] INFO org.eclipse.jetty.server.Server - jetty-9.0.2.v20130417
[Thread-17] INFO org.eclipse.jetty.server.ServerConnector - Started ServerConnector@6054bd24{HTTP/1.1}{0.0.0.0:4567}
[Test worker] INFO spark.webserver.SparkServer - >>> Spark shutting down ...
[Test worker] INFO org.eclipse.jetty.server.Server - Graceful shutdown org.eclipse.jetty.server.Server@2092a2dc by 
[Test worker] INFO org.eclipse.jetty.server.ServerConnector - Stopped ServerConnector@6054bd24{HTTP/1.1}{0.0.0.0:4567}
[Test worker] INFO spark.webserver.SparkServer - done
]]></system-err>
</testsuite>
